                                                           The SAS System                         08:13 Thursday, April 23, 2020   1

                                                        The MEANS Procedure

                     Variable                 N            Mean         Std Dev         Minimum         Maximum
                     ------------------------------------------------------------------------------------------
                     id                   65890         2692.28         1537.06       1.0000000         5336.00
                     tooth                65890      16.2909243       9.0216546       1.0000000      32.0000000
                     status               65890       0.0697071       0.2546547               0       1.0000000
                     time                 65890       2.2847429       1.8258954       0.0027397       5.6082192
                     diabetes_yn_10       65890       0.0927303       0.2900563               0       1.0000000
                     tobacco_use_yn_10    65890       0.2216118       0.4153343               0       1.0000000
                     male_yn_10           65890       0.4950220       0.4999790               0       1.0000000
                     age                  65890      58.4126575      18.0830695      16.0000000      90.0000000
                     age_stdzd            65890    -2.08342E-16       1.0000000      -2.3454346       1.7467910
                     ageQ1                65890       0.2521020       0.4342228               0       1.0000000
                     ageQ2                65890       0.2680680       0.4429566               0       1.0000000
                     ageQ3                65890       0.2463044       0.4308612               0       1.0000000
                     ageQ4                65890       0.2335256       0.4230769               0       1.0000000
                     mobility             65890       0.0370618       0.2369544               0       3.0000000
                     mobility1_0          65890       0.0219760       0.1466063               0       1.0000000
                     mobility2_0          65890       0.0048566       0.0695203               0       1.0000000
                     mobility3_0          65890       0.0017909       0.0422810               0       1.0000000
                     bop                  65890      11.7410330      22.0396789               0     100.0000000
                     bop_stdzd            65890    1.405166E-15       1.0000000      -0.5327225       4.0045487
                     plaque               65890      19.0451257      28.2822069               0     100.0000000
                     plaque_stdzd         65890     1.54553E-15       1.0000000      -0.6733960       2.8623959
                     pdmean               65890       2.5095679       0.7175421               0      12.0000000
                     pdmean_stdzd         65890    -1.83583E-15       1.0000000      -3.4974505      13.2263074
                     calmean              65890       2.6426278       0.9306840               0      15.0000000
                     calmean_stdzd        65890    -6.90161E-17       1.0000000      -2.8394468      13.2777308
                     crown_yn_10          65890       0.1841099       0.3875767               0       1.0000000
                     implant_yn_10        65890       0.0023221       0.0481321               0       1.0000000
                     molar_yn_10          65890       0.3899530       0.4877430               0       1.0000000
                     ------------------------------------------------------------------------------------------
                                                           The SAS System                         08:13 Thursday, April 23, 2020   2

                                                       The NLMIXED Procedure

                                                           Specifications

                                  Data Set                                    WORK.TEETH          
                                  Dependent Variable                          time                
                                  Distribution for Dependent Variable         General             
                                  Random Effects                              z1 z2               
                                  Distribution for Random Effects             Normal              
                                  Subject Variable                            id                  
                                  Optimization Technique                      Dual Quasi-Newton   
                                  Integration Method                          Gaussian Quadrature 
                                  Number of Threads                           72                  


                                                             Dimensions

                                              Observations Used                  65890
                                              Observations Not Used                  0
                                              Total Observations                 65890
                                              Subjects                            5336
                                              Max Obs per Subject                   30
                                              Parameters                            12
                                              Quadrature Points                    200


                                                         Initial Parameters
 
                                                                                           plaque_  calmean_
                                   diabetes_  tobacco_     male_  age_stdzd_  bop_stdzd_    stdzd_    stdzd_    crown_    molar_
       alpha   shape_m  gamma_m_z   beta_m_z  beta_m_z  beta_m_z    beta_m_z    beta_m_z  beta_m_z  beta_m_z  beta_m_z  beta_m_z

         0.5         1      -3.22       0.22      0.79      0.12        0.14        0.07     -0.01      0.21      0.11      0.21

                                                         Initial Parameters
 
                                                               Negative
                                                                    Log
                                                             Likelihood

                                                              15188.346


                                                          Iteration History
 
                                                      Negative
                                                           Log                   Maximum
                                Iteration Calls     Likelihood    Difference    Gradient       Slope

                                       1      5     14414.3945      773.9515     2809.36     -707331
                                       2      9     13996.4761      417.9184     487.450    -368.746
                                       3     11     13991.4053      5.070831     226.110    -12.5508
                                       4     13     13988.3928      3.012492     78.8614    -4.94959
                                       5     17     13985.0711      3.321743     141.892    -2.34601
                                       6     20     13983.4715       1.59952     35.0127    -1.76539
                                       7     23     13982.9405      0.530996     41.3689    -0.31015
                                       8     25     13982.4046      0.535909     49.2641    -0.29086
                                                           The SAS System                         08:13 Thursday, April 23, 2020   3

                                                       The NLMIXED Procedure

                                                          Iteration History
 
                                                      Negative
                                                           Log                   Maximum
                                Iteration Calls     Likelihood    Difference    Gradient       Slope

                                       9     28     13982.1756         0.229     12.3419    -0.22511
                                      10     31     13982.1043      0.071355     6.81463    -0.08428
                                      11     34     13982.0848      0.019444     4.29941    -0.01100
                                      12     36     13982.0763      0.008506     14.7398    -0.00598
                                      13     38     13982.0633      0.013008     3.38415    -0.02238
                                      14     41     13982.0606      0.002741     2.47688    -0.00338
                                      15     45     13982.0494      0.011159     3.80741    -0.00161
                                      16     47     13982.0379      0.011526     2.09728    -0.00972
                                      17     50     13982.0363      0.001634     0.63744    -0.00242
                                      18     53     13982.0361      0.000147     0.66873    -0.00017
                                      19     57     13982.0357      0.000408     0.27646    -0.00007
                                      20     61     13982.0356      0.000094     0.49476    -0.00001
                                      21     63     13982.0355      0.000138     0.16366    -0.00015
                                      22     66     13982.0354      0.000064     0.16373    -0.00006
                                      23     69     13982.0354      0.000012    0.067746    -0.00002
                                      24     73     13982.0354      0.000015     0.11678    -5.96E-7
                                      25     76     13982.0354      3.004E-6    0.011000    -5.98E-6
                                      26     79     13982.0354       4.54E-7    0.006193    -1.71E-7
                                      27     82     13982.0354      2.239E-8    0.000445    -3.94E-8


                                            NOTE: FCONV convergence criterion satisfied.          


                                                           Fit Statistics

                                              -2 Log Likelihood                  27964
                                              AIC (smaller is better)            27988
                                              AICC (smaller is better)           27988
                                              BIC (smaller is better)            28067


                                                        Parameter Estimates
 
                                               Standard                                      95% Confidence
         Parameter                 Estimate       Error      DF    t Value    Pr > |t|           Limits           Gradient

         alpha                       0.5608     0.01028    5334      54.54      <.0001      0.5407      0.5810    -0.00035
         shape_m                     0.6230     0.01246    5334      49.98      <.0001      0.5986      0.6474    0.000225
         gamma_m_z                  -3.2200     0.05439    5334     -59.20      <.0001     -3.3266     -3.1133    0.000058
         diabetes_beta_m_z           0.2152     0.07533    5334       2.86      0.0043     0.06754      0.3629    -4.29E-6
         tobacco_beta_m_z            0.7915     0.05595    5334      14.15      <.0001      0.6818      0.9012    0.000031
         male_beta_m_z               0.1236     0.04926    5334       2.51      0.0121     0.02701      0.2201    0.000072
         age_stdzd_beta_m_z          0.1358     0.02883    5334       4.71      <.0001     0.07932      0.1923    -0.00003
         bop_stdzd_beta_m_z         0.07388     0.01063    5334       6.95      <.0001     0.05303     0.09472    0.000445
         plaque_stdzd_beta_m_z     -0.01180     0.01345    5334      -0.88      0.3805    -0.03817     0.01457    0.000120
         calmean_stdzd_beta_m_z      0.2058     0.01053    5334      19.55      <.0001      0.1851      0.2264    0.000376
         crown_beta_m_z              0.1120     0.02643    5334       4.24      <.0001     0.06023      0.1638    0.000149
         molar_beta_m_z              0.2096     0.02026    5334      10.34      <.0001      0.1698      0.2493    0.000207
